<?xml version="1.0" encoding="UTF-8"?>
<!-- Generated by org.testng.reporters.JUnitReportReporter -->
<testsuite hostname="BRILAP1990" failures="0" tests="1" name="com.brillio.tests.LoginTest" time="78.552" errors="0" timestamp="31 May 2022 03:40:18 GMT" skipped="0">
  <testcase classname="com.brillio.tests.LoginTest" name="validCredentilaTest" time="78.552"/>
</testsuite> <!-- com.brillio.tests.LoginTest -->
